9706
9720
9734
9748
9762
9776
9790
9804
9818
9832
9846
9860
9874
9888
9902
9916
9930
9944
9958
9972
9986
10000
10014
10028
10042
10056
10070
10084
10098
10112
10126
10140
10154
10168
10182
10196
10210
10224
10238
10252
10266
10280
10294
10308
10322
10336
10350
10364
10378
10392
10406
10420
10434
10448
10462
10476
10490
10504
10518
10532
10546
10560
10574
10588
10602
10616
10630
10644
10658
10672
10686
10700
10714
10728
10742
10756
10770
10784
10798
10812
10826
10840
10854
10868
10882
10896
10910
10924
10938
10952
10966
10980
10994
11008
11022
11036
11050
11064
11078
11092
11106
11120
11134
11148
11162
11176
11190
11204
11218
11232
11246
11260
11274
11288
11302
11316
11330
11344
11358
11372
11386
11400
11414
11428
11442
11456
11470
11484
11498
11512
11526
11540
11554
11568
11582
11596
11610
11624
11638
11652
11666
11680
11694
11708
11722
11736
11750
11764
11778
11792
11806
11820
11834
11848
11862
11876
11890
11904
11918
11932
11946
11960
11974
11988
12002
12016
12030
12044
12058
12072
12086
12100
12114
12128
12142
12156
12170
12184
12198
12212
12226
12240
12254
12268
12282
12296
12310
12324
12338
12352
12366
12380
12394
12408
12422
12436
12450
12464
12478
12492
12506
12520
12534
12548
12562
12576
12590
12604
12618
12632
12646
12660
12674
12688
12702
12716
12730
12744
12758
12772
12786
12800
12814
12828
12842
12856
12870
12884
12898
12912
12926
12940
12954
12968
12982
12996
13010
13024
13038
13052
13066
13080
13094
13108
13122
13136
13150
13164
13178
13192
13206
13220
13234
13248
13262
13276
13290
13304
13318
13332
13346
13360
13374
13388
13402
13416
13430
13444
13458
13472
13486
13500
13514
13528
13542
13556
13570
13584
13598
13612
13626
13640
13654
13668
13682
13696
13710
13724
13738
13752
13766
13780
13794
13808
13822
13836
13850
13864
13878
13892
13906
13920
13934
13948
13962
13976
13990
14004
14018
14032
14046
14060
14074
14088
14102
14116
14130
14144
14158
14172
14186
14200
14214
14228
14242
14256
14270
14284
14298
14312
14326
14340
14354
14368
14382
14396
14410
14424
14438
14452
14466
14480
14494
14508
14522
14536
14550
14564
14578
14592
14606
14620
14634
14648
14662
14676
14690
14704
14718
14732
14746
14760
14774
14788
14802
14816
14830
14844
14858
14872
14886
14900
14914
14928
14942
14956
14970
14984
14998
15012
15026
15040
15054
15068
15082
15096
15110
15124
15138
15152
15166
15180
15194
15208
15222
15236
15250
15264
15278
15292
15306
15320
15334
15348
15362
15376
15390
15404
15418
15432
15446
15460
15474
15488
15502
15516
15530
15544
15558
15572
15586
15600
15614
15628
15642
15656
15670
15684
15698
15712
15726
15740
15754
15768
15782
15796
15810
15824
15838
15852
15866
15880
15894
15908
15922
15936
15950
15964
15978
15992
16006
16020
16034
16048
16062
16076
16090
16104
16118
16132
16146
16160
16174
16188
16202
16216
16230
16244
16258
16272
16286
16300
16314
16328
16342
16356
16370
16384
16398
16412
16426
16440
16454
16468
16482
16496
16510
16524
16538
16552
16566
16580
16594
16608
16622
16636
16650
16664
16678
16692
16706
16720
16734
16748
16762
16776
16790
16804
16818
16832
16846
16860
16874
16888
16902
16916
16930
16944
16958
16972
16986
17000
17014
17028
17042
17056
17070
17084
17098
17112
17126
17140
17154
17168
17182
17196
17210
17224
17238
17252
17266
17280
17294
17308
17322
17336
17350
17364
17378
17392
17406
17420
17434
17448
17462
17476
17490
17504
17518
17532
17546
17560
17574
17588
17602
17616
17630
17644
17658
17672
17686
17700
17714
17728
17742
17756
17770
17784
17798
17812
17826
17840
17854
17868
17882
17896
17910
17924
17938
17952
17966
17980
17994
18008
18022
18036
18050
18064
18078
18092
18106
18120
18134
18148
18162
18176
18190
18204
18218
18232
18246
18260
18274
18288
18302
18316
18330
18344
18358
18372
18386
18400
18414
18428
18442
18456
18470
18484
18498
18512
18526
18540
18554
18568
18582
18596
18610
18624
18638
18652
18666
18680
18694
18708
18722
18736
18750
18764
18778
18792
18806
18820
18834
18848
18862
18876
18890
18904
18918
18932
18946
18960
18974
18988
19002
19016
19030
19044
19058
19072
19086
19100
19114
19128
19142
19156
19170
19184
19198
19212
19226
19240
19254
19268
19282
19296
19310
19324
19338
19352
19366
19380
19394
19408
19422
19436
19450
19464
19478
19492
19506
19520
19534
19548
19562
19576
19590
19604
19618
19632
19646
19660
19674
19688
19702
19716
19730
19744
19758
19772
19786
19800
19814
19828
19842
19856
19870
19884
19898
19912
19926
19940
19954
19968
19982
19996
20010
20024
20038
20052
20066
20080
20094
20108
20122
20136
20150
20164
20178
20192
20206
20220
20234
20248
20262
20276
20290
20304
20318
20332
20346
20360
20374
20388
20402
20416
20430
20444
20458
20472
20486
20500
20514
20528
20542
20556
20570
20584
20598
20612
20626
20640
20654
20668
20682
20696
20710
20724
20738
20752
20766
20780
20794
20808
20822
20836
20850
20864
20878
20892
20906
20920
20934
20948
20962
20976
20990
21004
21018
21032
21046
21060
21074
21088
21102
21116
21130
21144
21158
21172
21186
21200
21214
21228
21242
21256
21270
21284
21298
21312
21326
21340
21354
21368
21382
21396
21410
21424
21438
21452
21466
21480
21494
21508
21522
21536
21550
21564
21578
21592
21606
21620
21634
21648
21662
21676
21690
21704
21718
21732
21746
21760
21774
21788
21802
21816
21830
21844
21858
21872
21886
21900
21914
21928
21942
21956
21970
21984
21998
22012
22026
22040
22054
22068
22082
22096
22110
22124
22138
22152
22166
22180
22194
22208
22222
22236
22250
22264
22278
22292
22306
22320
22334
22348
22362
22376
22390
22404
22418
22432
22446
22460
22474
22488
22502
22516
22530
22544
22558
22572
22586
22600
22614
22628
22642
22656
22670
22684
22698
22712
22726
22740
22754
22768
22782
22796
22810
22824
22838
22852
22866
22880
22894
22908
22922
22936
22950
22964
22978
22992
23006
23020
23034
23048
23062
23076
23090
23104
23118
23132
23146
23160
23174
23188
23202
23216
23230
23244
23258
23272
23286
23300
23314
23328
23342
23356
23370
23384
23398
23412
23426
23440
23454
23468
23482
23496
23510
23524
23538
23552
23566
23580
23594
23608
23622
23636
23650
23664
23678
23692
23706
23720
23734
23748
23762
23776
23790
23804
23818
23832
23846
23860
23874
23888
23902
23916
23930
23944
23958
23972
23986
24000
24014
24028
24042
24056
24070
24084
24098
24112
24126
24140
24154
24168
24182
24196
24210
24224
24238
24252
24266
24280
24294
24308
24322
24336
24350
24364
24378
24392
24406
24420
24434
24448
24462
24476
24490
24504
24518
24532
24546
24560
24574
24588
24602
24616
24630
24644
24658
24672
24686
24700
24714
24728
24742
24756
24770
24784
24798
24812
24826
24840
24854
24868
24882
24896
24910
24924
24938
24952
24966
24980
24994
25008
25022
25036
25050
25064
25078
25092
25106
25120
25134
25148
25162
25176
25190
25204
25218
25232
25246
25260
25274
25288
25302
25316
25330
25344
25358
25372
25386
25400
25414
25428
25442
25456
25470
25484
25498
25512
25526
25540
25554
25568
25582
25596
25610
25624
25638
25652
25666
25680
25694
25708
25722
25736
25750
25764
25778
25792
25806
25820
25834
25848
25862
25876
25890
25904
25918
25932
25946
25960
25974
25988
26002
26016
26030
26044
26058
26072
26086
26100
26114
26128
26142
26156
26170
26184
26198
26212
26226
26240
26254
26268
26282
26296
26310
26324
26338
26352
26366
26380
26394
26408
26422
26436
26450
26464
26478
26492
26506
26520
26534
26548
26562
26576
26590
26604
26618
26632
26646
26660
26674
26688
26702
26716
26730
26744
26758
26772
26786
26800
26814
26828
26842
26856
26870
26884
26898
26912
26926
26940
26954
26968
26982
26996
27010
27024
27038
27052
27066
27080
27094
27108
27122
27136
27150
27164
27178
27192
27206
27220
27234
27248
27262
27276
27290
27304
27318
27332
27346
27360
27374
27388
27402
27416
27430
27444
27458
27472
27486
27500
27514
27528
27542
27556
27570
27584
27598
27612
27626
27640
27654
27668
27682
27696
27710
27724
27738
27752
27766
27780
27794
27808
27822
27836
27850
27864
27878
27892
27906
27920
27934
27948
27962
27976
27990
28004
28018
28032
28046
28060
28074
28088
28102
28116
28130
28144
28158
28172
28186
28200
28214
28228
28242
28256
28270
28284
28298
28312
28326
28340
28354
28368
28382
28396
28410
28424
28438
28452
28466
28480
28494
28508
28522
28536
28550
28564
28578
28592
28606
28620
28634
28648
28662
28676
28690
28704
28718
28732
28746
28760
28774
28788
28802
28816
28830
28844
28858
28872
28886
28900
28914
28928
28942
28956
28970
28984
28998
29012
29026
29040
29054
29068
29082
29096
29110
29124
29138
29152
29166
29180
29194
29208
29222
29236
29250
29264
29278
29292
29306
29320
29334
29348
29362
29376
29390
29404
29418
29432
29446
29460
29474
29488
29502
29516
29530
29544
29558
29572
29586
29600
29614
29628
29642
29656
29670
29684
29698
29713
29727
29741
29755
29769
29783
29797
29811
29825
29839
29853
29867
29881
29895
29909
29923
29937
29951
29965
29979
29993
30007
30021
30035
30049
30063
30077
30091
30105
30119
30133
30147
30161
30175
30189
30203
30217
30231
30245
30259
30273
30287
30301
30315
30329
30343
30357
30371
30385
30399
30413
30427
30441
30455
30469
30483
30497
30511
30525
30539
30553
30567
30581
30595
30609
30623
30637
30651
30665
30679
30693
30707
30721
30735
30749
30763
30777
30791
30805
30819
30833
30847
30861
30875
30889
30903
30917
30931
30945
30959
30973
30987
31001
31015
31029
31043
31057
31071
31085
31099
31113
31127
31141
31155
31169
31183
31197
31211
31225
31239
31253
31267
31281
31295
31309
31323
31337
31351
31365
31379
31393
31407
31421
31435
31449
31463
31477
31491
31505
31519
31533
31547
31561
31575
31589
31603
31617
31631
31645
31659
31673
31687
31701
31715
31729
31743
31757
31771
31785
31799
31813
31827
31841
31855
31869
31883
31897
31911
31925
31939
31953
31967
31981
31995
32009
32023
32037
32051
32065
32079
32093
32107
32121
32135
32149
32163
32177
32191
32205
32219
32233
32247
32261
32275
32289
32303
32317
32331
32345
32359
32373
32387
32401
32415
32429
32443
32457
32471
32485
32499
32513
32527
32541
32555
32569
32583
32597
32611
32625
32639
32653
32667
32681
32695
32709
32723
32737
32751
32765
32779
32793
32807
32821
32835
32849
32863
32877
32891
32905
32919
32933
32947
32961
32975
32989
33003
33017
33031
33045
33059
33073
33087
33101
33115
33129
33143
33157
33171
33185
33199
33213
33227
33241
33255
33269
33283
33297
33311
33325
33339
33353
33367
33381
33395
33409
33423
33437
33451
33465
33479
33493
33507
33521
33535
33549
33563
33577
33591
33605
33619
33633
33647
33661
33675
33689
33703
33717
33731
33745
33759
33773
33787
33801
33815
33829
33843
33857
33871
33885
33899
33913
33927
33941
33955
33969
33983
33997
34011
34025
34039
34053
34067
34081
34095
34109
34123
34137
34151
34165
34179
34193
34207
34221
34235
34249
34263
34277
34291
34305
34319
34333
34347
34361
34375
34389
34403
34417
34431
34445
34459
34473
34487
34501
34515
34529
34543
34557
34571
34585
34599
34613
34627
34641
34655
34669
34683
34697
34711
34725
34739
34753
34767
34781
34795
34809
34823
34837
34851
34865
34879
34893
34907
34921
34935
34949
34963
34977
34991
35005
35019
35033
35047
35061
35075
35089
35103
35117
35131
35145
35159
35173
35187
35201
35215
35229
35243
35257
35271
35285
35299
35313
35327
35341
35355
35369
35383
35397
35411
35425
35439
35453
35467
35481
35495
35509
35523
35537
35551
35565
35579
35593
35607
35621
35635
35649
35663
35677
35691
35705
35719
35733
35747
35761
35775
35789
35803
35817
35831
35845
35859
35873
35887
35901
35915
35929
35943
35957
35971
35985
35999
36013
36027
36041
36055
36069
36083
36097
36111
36125
36139
36153
36167
36181
36195
36209
36223
36237
36251
36265
36279
36293
36307
36321
36335
36349
36363
36377
36391
36405
36419
36433
36447
36461
36475
36489
36503
36517
36531
36545
36559
36573
36587
36601
36615
36629
36643
36657
36671
36685
36699
36713
36727
36741
36755
36769
36783
36797
36811
36825
36839
36853
36867
36881
36895
36909
36923
36937
36951
36965
36979
36993
37007
37021
37035
37049
37063
37077
37091
37105
37119
37133
37147
37161
37175
37189
37203
37217
37231
37245
37259
37273
37287
37301
37315
37329
37343
37357
37371
37385
37399
37413
37427
37441
37455
37469
37483
37497
37511
37525
37539
37553
37567
37581
37595
37609
37623
37637
37651
37665
37679
37693
37707
37721
37735
37749
37763
37777
37791
37805
37819
37833
37847
37861
37875
37889
37903
37917
37931
37945
37959
37973
37987
38001
38015
38029
38043
38057
38071
38085
38099
38113
38127
38141
38155
38169
38183
38197
38211
38225
38239
38253
38267
38281
38295
38309
38323
38337
38351
38365
38379
38393
38407
38421
38435
38449
38463
38477
38491
38505
38519
38533
38547
38561
38575
38589
38603
38617
38631
38645
38659
38673
38687
38701
38715
38729
38743
38757
38771
38785
38799
38813
38827
38841
38855
38869
38883
38897
38911
38925
38939
38953
38967
38981
38995
39009
39023
39037
39051
39065
39079
39093
39107
39121
39135
39149
39163
39177
39191
39205
39219
39233
39247
39261
39275
39289
39303
39317
39331
39345
39359
39373
39387
39401
39415
39429
39443
39457
39471
39485
39499
39513
39527
39541
39555
39569
39583
39597
39611
39625
39639
39653
39667
39681
39695
39709
39723
39737
39751
39765
39779
39793
39807
39821
39835
39849
39863
39877
39891
39905
39919
39933
39947
39961
39975
39989
40003
40017
40031
40045
40059
40073
40087
40101
40115
40129
40143
40157
40171
40185
40199
40213
40227
40241
40255
40269
40283
40297
40311
40325
40339
40353
40367
40381
40395
40409
40423
40437
40451
40465
40479
40493
40507
40521
40535
40549
40563
40577
40591
40605
40619
40633
40647
40661
40675
40689
40703
40717
40731
40745
40759
40773
40787
40801
40815
40829
40843
40857
40871
40885
40899
40913
40927
40941
40955
40969
40983
40997
41011
41025
41039
41053
41067
41081
41095
41109
41123
41137
41151
41165
41179
41193
41207
41221
41235
41249
41263
41277
41291
41305
41319
41333
41347
41361
41375
41389
41403
41417
41431
41445
41459
41473
41487
41501
41515
41529
41543
41557
41571
41585
41599
41613
41627
41641
41655
41669
41683
41697
41711
41725
41739
41753
41767
41781
41795
41809
41823
41837
41851
41865
41879
41893
41907
41921
41935
41949
41963
41977
41991
42005
42019
42033
42047
42061
42075
42089
42103
42117
42131
42145
42159
42173
42187
42201
42215
42229
42243
42257
42271
42285
42299
42313
42327
42341
42355
42369
42383
42397
42411
42425
42439
42453
42467
42481
42495
42509
42523
42537
42551
42565
42579
42593
42607
42621
42635
42649
42663
42677
42691
42705
42719
42733
42747
42761
42775
42789
42803
42817
42831
42845
42859
42873
42887
42901
42915
42929
42943
42957
42971
42985
42999
43013
43027
43041
43055
43069
43083
43097
43111
43125
43139
43153
43167
43181
43195
43209
43223
43237
43251
43265
43279
43293
43307
43321
43335
43349
43363
43377
43391
43405
43419
43433
43447
43461
43475
43489
43503
43517
43531
43545
43559
43573
43587
43601
43615
43629
43643
43657
43671
43685
43699
43713
43727
43741
43755
43769
43783
43797
43811
43825
43839
43853
43867
43881
43895
43909
43923
43937
43951
43965
43979
43993
44007
44021
44035
44049
44063
44077
44091
44105
44119
44133
44147
44161
44175
44189
44203
44217
44231
44245
44259
44273
44287
44301
44315
44329
44343
44357
44371
44385
44399
44413
44427
44441
44455
44469
44483
44497
44511
44525
44539
44553
44567
44581
44595
44609
44623
44637
44651
44665
44679
44693
44707
44721
44735
44749
44763
44777
44791
44805
44819
44833
44847
44861
44875
44889
44903
44917
44931
44945
44959
44973
44987
45001
45015
45029
45043
45057
45071
45085
45099
45113
45127
45141
45155
45169
45183
45197
45211
45225
45239
45253
45267
45281
45295
45309
45323
45337
45351
45365
45379
45393
45407
45421
45435
45449
45463
45477
45491
45505
45519
45533
45547
45561
45575
45589
45603
45617
45631
45645
45659
45673
45687
45701
45715
45729
45743
45757
45771
45785
45799
45813
45827
45841
45855
45869
45883
45897
45911
45925
45939
45953
45967
45981
45995
46009
46023
46037
46051
46065
46079
46093
46107
46121
46135
46149
46163
46177
46191
46205
46219
46233
46247
46261
46275
46289
46303
46317
46331
46345
46359
46373
46387
46401
46415
46429
46443
46457
46471
46485
46499
46513
46527
46541
46555
46569
46583
46597
46611
46625
46639
46653
46667
46681
46695
46709
46723
46737
46751
46765
46779
46793
46807
46821
46835
46849
46863
46877
46891
46905
46919
46933
46947
46961
46975
46989
47003
47017
47031
47045
47059
47073
47087
47101
47115
47129
47143
47157
47171
47185
47199
47213
47227
47241
47255
47269
47283
47297
47311
47325
47339
47353
47367
47381
47395
47409
47423
47437
47451
47465
47479
47493
47507
47521
47535
47549
47563
47577
47591
47605
47619
47633
47647
47661
47675
47689
47703
47717
47731
47745
47759
47773
47787
47801
47815
47829
47843
47857
47871
47885
47899
47913
47927
47941
47955
47969
47983
47997
48011
48025
48039
48053
48067
48081
48095
48109
48123
48137
48151
48165
48179
48193
48207
48221
48235
48249
48263
48277
48291
48305
48319
48333
48347
48361
48375
48389
48403
48417
48431
48445
48459
48473
48487
48501
48515
48529
48543
48557
48571
48585
48599
48613
48627
48641
48655
48669
48683
48697
48711
48725
48739
48753
48767
48781
48795
48809
48823
48837
48851
48865
48879
48893
48907
48921
48935
48949
48963
48977
48991
49005
49019
49033
49047
49061
49075
49089
49103
49117
49131
49145
49159
49173
49187
49201
49215
49229
49243
49257
49271
49285
49299
49313
49327
49341
49355
49369
49383
49397
49411
49425
49439
49453
49467
49481
49495
49509
49523
49537
49551
49565
49579
49593
49607
49621
49635
49649
49663
49677
49691
49705
49720
49734
49748
49762
49776
49790
49804
49818
49832
49846
49860
49874
49888
49902
49916
49930
49944
49958
49972
49986
50000
50014
50028
50042
50056
50070
50084
50098
50112
50126
50140
50154
50168
50182
50196
50210
50224
50238
50252
50266
50280
50294
50308
50322
50336
50350
50364
50378
50392
50406
50420
50434
50448
50462
50476
50490
50504
50518
50532
50546
50560
50574
50588
50602
50616
50630
50644
50658
50672
50686
50700
50714
50728
50742
50756
50770
50784
50798
50812
50826
50840
50854
50868
50882
50896
50910
50924
50938
50952
50966
50980
50994
51008
51022
51036
51050
51064
51078
51092
51106
51120
51134
51148
51162
51176
51190
51204
51218
51232
51246
51260
51274
51288
51302
51316
51330
51344
51358
51372
51386
51400
51414
51428
51442
51456
51470
51484
51498
51512
51526
51540
51554
51568
51582
51596
51610
51624
51638
51652
51666
51680
51694
51708
51722
51736
51750
51764
51778
51792
51806
51820
51834
51848
51862
51876
51890
51904
51918
51932
51946
51960
51974
51988
52002
52016
52030
52044
52058
52072
52086
52100
52114
52128
52142
52156
52170
52184
52198
52212
52226
52240
52254
52268
52282
52296
52310
52324
52338
52352
52366
52380
52394
52408
52422
52436
52450
52464
52478
52492
52506
52520
52534
52548
52562
52576
52590
52604
52618
52632
52646
52660
52674
52688
52702
52716
52730
52744
52758
52772
52786
52800
52814
52828
52842
52856
52870
52884
52898
52912
52926
52940
52954
52968
52982
52996
53010
53024
53038
53052
53066
53080
53094
53108
53122
53136
53150
53164
53178
53192
53206
53220
53234
53248
53262
53276
53290
53304
53318
53332
53346
53360
53374
53388
53402
53416
53430
53444
53458
53472
53486
53500
53514
53528
53542
53556
53570
53584
53598
53612
53626
53640
53654
53668
53682
53696
53710
53724
53738
53752
53766
53780
53794
53808
53822
53836
53850
53864
53878
53892
53906
53920
53934
53948
53962
53976
53990
54004
54018
54032
54046
54060
54074
54088
54102
54116
54130
54144
54158
54172
54186
54200
54214
54228
54242
54256
54270
54284
54298
54312
54326
54340
54354
54368
54382
54396
54410
54424
54438
54452
54466
54480
54494
54508
54522
54536
54550
54564
54578
54592
54606
54620
54634
54648
54662
54676
54690
54704
54718
54732
54746
54760
54774
54788
54802
54816
54830
54844
54858
54872
54886
54900
54914
54928
54942
54956
54970
54984
54998
55012
55026
55040
55054
55068
55082
55096
55110
55124
55138
55152
55166
55180
55194
55208
55222
55236
55250
55264
55278
55292
55306
55320
55334
55348
55362
55376
55390
55404
55418
55432
55446
55460
55474
55488
55502
55516
55530
55544
55558
55572
55586
55600
55614
55628
55642
55656
55670
55684
55698
55712
55726
55740
55754
55768
55782
55796
55810
55824
55838
55852
55866
55880
55894
55908
55922
55936
55950
55964
55978
55992
56006
56020
56034
56048
56062
56076
56090
56104
56118
56132
56146
56160
56174
56188
56202
56216
56230
56244
56258
56272
56286
56300
56314
56328
56342
56356
56370
56384
56398
56412
56426
56440
56454
56468
56482
56496
56510
56524
56538
56552
56566
56580
56594
56608
56622
56636
56650
56664
56678
56692
56706
56720
56734
56748
56762
56776
56790
56804
56818
56832
56846
56860
56874
56888
56902
56916
56930
56944
56958
56972
56986
57000
57014
57028
57042
57056
57070
57084
57098
57112
57126
57140
57154
57168
57182
57196
57210
57224
57238
57252
57266
57280
57294
57308
57322
57336
57350
57364
57378
57392
57406
57420
57434
57448
57462
57476
57490
57504
57518
57532
57546
57560
57574
57588
57602
57616
57630
57644
57658
57672
57686
57700
57714
57728
57742
57756
57770
57784
57798
57812
57826
57840
57854
57868
57882
57896
57910
57924
57938
57952
57966
57980
57994
58008
58022
58036
58050
58064
58078
58092
58106
58120
58134
58148
58162
58176
58190
58204
58218
58232
58246
58260
58274
58288
58302
58316
58330
58344
58358
58372
58386
58400
58414
58428
58442
58456
58470
58484
58498
58512
58526
58540
58554
58568
58582
58596
58610
58624
58638
58652
58666
58680
58694
58708
58722
58736
58750
58764
58778
58792
58806
58820
58834
58848
58862
58876
58890
58904
58918
58932
58946
58960
58974
58988
59002
59016
59030
59044
59058
59072
59086
59100
59114
59128
59142
59156
59170
59184
59198
59212
59226
59240
59254
59268
59282
59296
59310
59324
59338
59352
59366
59380
59394
59408
59422
59436
59450
59464
59478
59492
59506
59520
59534
59548
59562
59576
59590
59604
59618
59632
59646
59660
59674
59688
59702
59716
59730
59744
59758
59772
59786
59800
59814
59828
59842
59856
59870
59884
59898
59912
59926
59940
59954
59968
59982
59996
60010
60024
60038
60052
60066
60080
60094
60108
60122
60136
60150
60164
60178
60192
60206
60220
60234
60248
60262
60276
60290
60304
60318
60332
60346
60360
60374
60388
60402
60416
60430
60444
60458
60472
60486
60500
60514
60528
60542
60556
60570
60584
60598
60612
60626
60640
60654
60668
60682
60696
60710
60724
60738
60752
60766
60780
60794
60808
60822
60836
60850
60864
60878
60892
60906
60920
60934
60948
60962
60976
60990
61004
61018
61032
61046
61060
61074
61088
61102
61116
61130
61144
61158
61172
61186
61200
61214
61228
61242
61256
61270
61284
61298
61312
61326
61340
61354
61368
61382
61396
61410
61424
61438
61452
61466
61480
61494
61508
61522
61536
61550
61564
61578
61592
61606
61620
61634
61648
61662
61676
61690
61704
61718
61732
61746
61760
61774
61788
61802
61816
61830
61844
61858
61872
61886
61900
61914
61928
61942
61956
61970
61984
61998
62012
62026
62040
62054
62068
62082
62096
62110
62124
62138
62152
62166
62180
62194
62208
62222
62236
62250
62264
62278
62292
62306
62320
62334
62348
62362
62376
62390
62404
62418
62432
62446
62460
62474
62488
62502
62516
62530
62544
62558
62572
62586
62600
62614
62628
62642
62656
62670
62684
62698
62712
62726
62740
62754
62768
62782
62796
62810
62824
62838
62852
62866
62880
62894
62908
62922
62936
62950
62964
62978
62992
63006
63020
63034
63048
63062
63076
63090
63104
63118
63132
63146
63160
63174
63188
63202
63216
63230
63244
63258
63272
63286
63300
63314
63328
63342
63356
63370
63384
63398
63412
63426
63440
63454
63468
63482
63496
63510
63524
63538
63552
63566
63580
63594
63608
63622
63636
63650
63664
63678
63692
63706
63720
63734
63748
63762
63776
63790
63804
63818
63832
63846
63860
63874
63888
63902
63916
63930
63944
63958
63972
63986
64000
64014
64028
64042
64056
64070
64084
64098
64112
64126
64140
64154
64168
64182
64196
64210
64224
64238
64252
64266
64280
64294
64308
64322
64336
64350
64364
64378
64392
64406
64420
64434
64448
64462
64476
64490
64504
64518
64532
64546
64560
64574
64588
64602
64616
64630
64644
64658
64672
64686
64700
64714
64728
64742
64756
64770
64784
64798
64812
64826
64840
64854
64868
64882
64896
64910
64924
64938
64952
64966
64980
64994
65008
65022
65036
65050
65064
65078
65092
65106
65120
65134
65148
65162
65176
65190
65204
65218
65232
65246
65260
65274
65288
65302
65316
65330
65344
65358
65372
65386
65400
65414
65428
65442
65456
65470
65484
65498
65512
65526
65540
65554
65568
65582
65596
65610
65624
65638
65652
65666
65680
65694
65708
65722
65736
65750
65764
65778
65792
65806
65820
65834
65848
65862
65876
65890
65904
65918
65932
65946
65960
65974
65988
66002
66016
66030
66044
66058
66072
66086
66100
66114
66128
66142
66156
66170
66184
66198
66212
66226
66240
66254
66268
66282
66296
66310
66324
66338
66352
66366
66380
66394
66408
66422
66436
66450
66464
66478
66492
66506
66520
66534
66548
66562
66576
66590
66604
66618
66632
66646
66660
66674
66688
66702
66716
66730
66744
66758
66772
66786
66800
66814
66828
66842
66856
66870
66884
66898
66912
66926
66940
66954
66968
66982
66996
67010
67024
67038
67052
67066
67080
67094
67108
67122
67136
67150
67164
67178
67192
67206
67220
67234
67248
67262
67276
67290
67304
67318
67332
67346
67360
67374
67388
67402
67416
67430
67444
67458
67472
67486
67500
67514
67528
67542
67556
67570
67584
67598
67612
67626
67640
67654
67668
67682
67696
67710
67724
67738
67752
67766
67780
67794
67808
67822
67836
67850
67864
67878
67892
67906
67920
67934
67948
67962
67976
67990
68004
68018
68032
68046
68060
68074
68088
68102
68116
68130
68144
68158
68172
68186
68200
68214
68228
68242
68256
68270
68284
68298
68312
68326
68340
68354
68368
68382
68396
68410
68424
68438
68452
68466
68480
68494
68508
68522
68536
68550
68564
68578
68592
68606
68620
68634
68648
68662
68676
68690
68704
68718
68732
68746
68760
68774
68788
68802
68816
68830
68844
68858
68872
68886
68900
68914
68928
68942
68956
68970
68984
68998
69012
69026
69040
69054
69068
69082
69096
69110
69124
69138
69152
69166
69180
69194
69208
69222
69236
69250
69264
69278
69292
69306
69320
69334
69348
69362
69376
69390
69404
69418
69432
69446
69460
69474
69488
69502
69516
69530
69544
69558
69572
69586
69600
69614
69628
69642
69656
69670
69684
69698
69713
69727
69741
69755
69769
69783
69797
69811
69825
69839
69853
69867
69881
69895
69909
69923
69937
69951
69965
69979
69993
70007
70021
70035
70049
70063
70077
70091
70105
70119
70133
70147
70161
70175
70189
70203
70217
70231
70245
70259
70273
70287
70301
70315
70329
70343
70357
70371
70385
70399
70413
70427
70441
70455
70469
70483
70497
70511
70525
70539
70553
70567
70581
70595
70609
70623
70637
70651
70665
70679
70693
70707
70721
70735
70749
70763
70777
70791
70805
70819
70833
70847
70861
70875
70889
70903
70917
70931
70945
70959
70973
70987
71001
71015
71029
71043
71057
71071
71085
71099
71113
71127
71141
71155
71169
71183
71197
71211
71225
71239
71253
71267
71281
71295
71309
71323
71337
71351
71365
71379
71393
71407
71421
71435
71449
71463
71477
71491
71505
71519
71533
71547
71561
71575
71589
71603
71617
71631
71645
71659
71673
71687
71701
71715
71729
71743
71757
71771
71785
71799
71813
71827
71841
71855
71869
71883
71897
71911
71925
71939
71953
71967
71981
71995
72009
72023
72037
72051
72065
72079
72093
72107
72121
72135
72149
72163
72177
72191
72205
72219
72233
72247
72261
72275
72289
72303
72317
72331
72345
72359
72373
72387
72401
72415
72429
72443
72457
72471
72485
72499
72513
72527
72541
72555
72569
72583
72597
72611
72625
72639
72653
72667
72681
72695
72709
72723
72737
72751
72765
72779
72793
72807
72821
72835
72849
72863
72877
72891
72905
72919
72933
72947
72961
72975
72989
73003
73017
73031
73045
73059
73073
73087
73101
73115
73129
73143
73157
73171
73185
73199
73213
73227
73241
73255
73269
73283
73297
73311
73325
73339
73353
73367
73381
73395
73409
73423
73437
73451
73465
73479
73493
73507
73521
73535
73549
73563
73577
73591
73605
73619
73633
73647
73661
73675
73689
73703
73717
73731
73745
73759
73773
73787
73801
73815
73829
73843
73857
73871
73885
73899
73913
73927
73941
73955
73969
73983
73997
74011
74025
74039
74053
74067
74081
74095
74109
74123
74137
74151
74165
74179
74193
74207
74221
74235
74249
74263
74277
74291
74305
74319
74333
74347
74361
74375
74389
74403
74417
74431
74445
74459
74473
74487
74501
74515
74529
74543
74557
74571
74585
74599
74613
74627
74641
74655
74669
74683
74697
74711
74725
74739
74753
74767
74781
74795
74809
74823
74837
74851
74865
74879
74893
74907
74921
74935
74949
74963
74977
74991
75005
75019
75033
75047
75061
75075
75089
75103
75117
75131
75145
75159
75173
75187
75201
75215
75229
75243
75257
75271
75285
75299
75313
75327
75341
75355
75369
75383
75397
75411
75425
75439
75453
75467
75481
75495
75509
75523
75537
75551
75565
75579
75593
75607
75621
75635
75649
75663
75677
75691
75705
75719
75733
75747
75761
75775
75789
75803
75817
75831
75845
75859
75873
75887
75901
75915
75929
75943
75957
75971
75985
75999
76013
76027
76041
76055
76069
76083
76097
76111
76125
76139
76153
76167
76181
76195
76209
76223
76237
76251
76265
76279
76293
76307
76321
76335
76349
76363
76377
76391
76405
76419
76433
76447
76461
76475
76489
76503
76517
76531
76545
76559
76573
76587
76601
76615
76629
76643
76657
76671
76685
76699
76713
76727
76741
76755
76769
76783
76797
76811
76825
76839
76853
76867
76881
76895
76909
76923
76937
76951
76965
76979
76993
77007
77021
77035
77049
77063
77077
77091
77105
77119
77133
77147
77161
77175
77189
77203
77217
77231
77245
77259
77273
77287
77301
77315
77329
77343
77357
77371
77385
77399
77413
77427
77441
77455
77469
77483
77497
77511
77525
77539
77553
77567
77581
77595
77609
77623
77637
77651
77665
77679
77693
77707
77721
77735
77749
77763
77777
77791
77805
77819
77833
77847
77861
77875
77889
77903
77917
77931
77945
77959
77973
77987
78001
78015
78029
78043
78057
78071
78085
78099
78113
78127
78141
78155
78169
78183
78197
78211
78225
78239
78253
78267
78281
78295
78309
78323
78337
78351
78365
78379
78393
78407
78421
78435
78449
78463
78477
78491
78505
78519
78533
78547
78561
78575
78589
78603
78617
78631
78645
78659
78673
78687
78701
78715
78729
78743
78757
78771
78785
78799
78813
78827
78841
78855
78869
78883
78897
78911
78925
78939
78953
78967
78981
78995
79009
79023
79037
79051
79065
79079
79093
79107
79121
79135
79149
79163
79177
79191
79205
79219
79233
79247
79261
79275
79289
79303
79317
79331
79345
79359
79373
79387
79401
79415
79429
79443
79457
79471
79485
79499
79513
79527
79541
79555
79569
79583
79597
79611
79625
79639
79653
79667
79681
79695
79709
79723
79737
79751
79765
79779
79793
79807
79821
79835
79849
79863
79877
79891
79905
79919
79933
79947
79961
79975
79989
80003
80017
80031
80045
80059
80073
80087
80101
80115
80129
80143
80157
80171
80185
80199
80213
80227
80241
80255
80269
80283
80297
80311
80325
80339
80353
80367
80381
80395
80409
80423
80437
80451
80465
80479
80493
80507
80521
80535
80549
80563
80577
80591
80605
80619
80633
80647
80661
80675
80689
80703
80717
80731
80745
80759
80773
80787
80801
80815
80829
80843
80857
80871
80885
80899
80913
80927
80941
80955
80969
80983
80997
81011
81025
81039
81053
81067
81081
81095
81109
81123
81137
81151
81165
81179
81193
81207
81221
81235
81249
81263
81277
81291
81305
81319
81333
81347
81361
81375
81389
81403
81417
81431
81445
81459
81473
81487
81501
81515
81529
81543
81557
81571
81585
81599
81613
81627
81641
81655
81669
81683
81697
81711
81725
81739
81753
81767
81781
81795
81809
81823
81837
81851
81865
81879
81893
81907
81921
81935
81949
81963
81977
81991
82005
82019
82033
82047
82061
82075
82089
82103
82117
82131
82145
82159
82173
82187
82201
82215
82229
82243
82257
82271
82285
82299
82313
82327
82341
82355
82369
82383
82397
82411
82425
82439
82453
82467
82481
82495
82509
82523
82537
82551
82565
82579
82593
82607
82621
82635
82649
82663
82677
82691
82705
82719
82733
82747
82761
82775
82789
82803
82817
82831
82845
82859
82873
82887
82901
82915
82929
82943
82957
82971
82985
82999
83013
83027
83041
83055
83069
83083
83097
83111
83125
83139
83153
83167
83181
83195
83209
83223
83237
83251
83265
83279
83293
83307
83321
83335
83349
83363
83377
83391
83405
83419
83433
83447
83461
83475
83489
83503
83517
83531
83545
83559
83573
83587
83601
83615
83629
83643
83657
83671
83685
83699
83713
83727
83741
83755
83769
83783
83797
83811
83825
83839
83853
83867
83881
83895
83909
83923
83937
83951
83965
83979
83993
84007
84021
84035
84049
84063
84077
84091
84105
84119
84133
84147
84161
84175
84189
84203
84217
84231
84245
84259
84273
84287
84301
84315
84329
84343
84357
84371
84385
84399
84413
84427
84441
84455
84469
84483
84497
84511
84525
84539
84553
84567
84581
84595
84609
84623
84637
84651
84665
84679
84693
84707
84721
84735
84749
84763
84777
84791
84805
84819
84833
84847
84861
84875
84889
84903
84917
84931
84945
84959
84973
84987
85001
85015
85029
85043
85057
85071
85085
85099
85113
85127
85141
85155
85169
85183
85197
85211
85225
85239
85253
85267
85281
85295
85309
85323
85337
85351
85365
85379
85393
85407
85421
85435
85449
85463
85477
85491
85505
85519
85533
85547
85561
85575
85589
85603
85617
85631
85645
85659
85673
85687
85701
85715
85729
85743
85757
85771
85785
85799
85813
85827
85841
85855
85869
85883
85897
85911
85925
85939
85953
85967
85981
85995
86009
86023
86037
86051
86065
86079
86093
86107
86121
86135
86149
86163
86177
86191
86205
86219
86233
86247
86261
86275
86289
86303
86317
86331
86345
86359
86373
86387
86401
86415
86429
86443
86457
86471
86485
86499
86513
86527
86541
86555
86569
86583
86597
86611
86625
86639
86653
86667
86681
86695
86709
86723
86737
86751
86765
86779
86793
86807
86821
86835
86849
86863
86877
86891
86905
86919
86933
86947
86961
86975
86989
87003
87017
87031
87045
87059
87073
87087
87101
87115
87129
87143
87157
87171
87185
87199
87213
87227
87241
87255
87269
87283
87297
87311
87325
87339
87353
87367
87381
87395
87409
87423
87437
87451
87465
87479
87493
87507
87521
87535
87549
87563
87577
87591
87605
87619
87633
87647
87661
87675
87689
87703
87717
87731
87745
87759
87773
87787
87801
87815
87829
87843
87857
87871
87885
87899
87913
87927
87941
87955
87969
87983
87997
88011
88025
88039
88053
88067
88081
88095
88109
88123
88137
88151
88165
88179
88193
88207
88221
88235
88249
88263
88277
88291
88305
88319
88333
88347
88361
88375
88389
88403
88417
88431
88445
88459
88473
88487
88501
88515
88529
88543
88557
88571
88585
88599
88613
88627
88641
88655
88669
88683
88697
88711
88725
88739
88753
88767
88781
88795
88809
88823
88837
88851
88865
88879
88893
88907
88921
88935
88949
88963
88977
88991
89005
89019
89033
89047
89061
89075
89089
89103
89117
89131
89145
89159
89173
89187
89201
89215
89229
89243
89257
89271
89285
89299
89313
89327
89341
89355
89369
89383
89397
89411
89425
89439
89453
89467
89481
89495
89509
89523
89537
89551
89565
89579
89593
89607
89621
89635
89649
89663
89677
89691
89705
89720
89734
89748
89762
89776
89790
89804
89818
89832
89846
89860
89874
89888
89902
89916
89930
89944
89958
89972
89986
90000
90014
90028
90042
90056
90070
90084
90098
90112
90126
90140
90154
90168
90182
90196
90210
90224
90238
90252
90266
90280
90294
90308
90322
90336
90350
90364
90378
90392
90406
90420
90434
90448
90462
90476
90490
90504
90518
90532
90546
90560
90574
90588
90602
90616
90630
90644
90658
90672
90686
90700
90714
90728
90742
90756
90770
90784
90798
90812
90826
90840
90854
90868
90882
90896
90910
90924
90938
90952
90966
90980
90994
91008
91022
91036
91050
91064
91078
91092
91106
91120
91134
91148
91162
91176
91190
91204
91218
91232
91246
91260
91274
91288
91302
91316
91330
91344
91358
91372
91386
91400
91414
91428
91442
91456
91470
91484
91498
91512
91526
91540
91554
91568
91582
91596
91610
91624
91638
91652
91666
91680
91694
91708
91722
91736
91750
91764
91778
91792
91806
91820
91834
91848
91862
91876
91890
91904
91918
91932
91946
91960
91974
91988
92002
92016
92030
92044
92058
92072
92086
92100
92114
92128
92142
92156
92170
92184
92198
92212
92226
92240
92254
92268
92282
92296
92310
92324
92338
92352
92366
92380
92394
92408
92422
92436
92450
92464
92478
92492
92506
92520
92534
92548
92562
92576
92590
92604
92618
92632
92646
92660
92674
92688
92702
92716
92730
92744
92758
92772
92786
92800
92814
92828
92842
92856
92870
92884
92898
92912
92926
92940
92954
92968
92982
92996
93010
93024
93038
93052
93066
93080
93094
93108
93122
93136
93150
93164
93178
93192
93206
93220
93234
93248
93262
93276
93290
93304
93318
93332
93346
93360
93374
93388
93402
93416
93430
93444
93458
93472
93486
93500
93514
93528
93542
93556
93570
93584
93598
93612
93626
93640
93654
93668
93682
93696
93710
93724
93738
93752
93766
93780
93794
93808
93822
93836
93850
93864
93878
93892
93906
93920
93934
93948
93962
93976
93990
94004
94018
94032
94046
94060
94074
94088
94102
94116
94130
94144
94158
94172
94186
94200
94214
94228
94242
94256
94270
94284
94298
94312
94326
94340
94354
94368
94382
94396
94410
94424
94438
94452
94466
94480
94494
94508
94522
94536
94550
94564
94578
94592
94606
94620
94634
94648
94662
94676
94690
94704
94718
94732
94746
94760
94774
94788
94802
94816
94830
94844
94858
94872
94886
94900
94914
94928
94942
94956
94970
94984
94998
95012
95026
95040
95054
95068
95082
95096
95110
95124
95138
95152
95166
95180
95194
95208
95222
95236
95250
95264
95278
95292
95306
95320
95334
95348
95362
95376
95390
95404
95418
95432
95446
95460
95474
95488
95502
95516
95530
95544
95558
95572
95586
95600
95614
95628
95642
95656
95670
95684
95698
95712
95726
95740
95754
95768
95782
95796
95810
95824
95838
95852
95866
95880
95894
95908
95922
95936
95950
95964
95978
95992
96006
96020
96034
96048
96062
96076
96090
96104
96118
96132
96146
96160
96174
96188
96202
96216
96230
96244
96258
96272
96286
96300
96314
96328
96342
96356
96370
96384
96398
96412
96426
96440
96454
96468
96482
96496
96510
96524
96538
96552
96566
96580
96594
96608
96622
96636
96650
96664
96678
96692
96706
96720
96734
96748
96762
96776
96790
96804
96818
96832
96846
96860
96874
96888
96902
96916
96930
96944
96958
96972
96986
97000
97014
97028
97042
97056
97070
97084
97098
97112
97126
97140
97154
97168
97182
97196
97210
97224
97238
97252
97266
97280
97294
97308
97322
97336
97350
97364
97378
97392
97406
97420
97434
97448
97462
97476
97490
97504
97518
97532
97546
97560
97574
97588
97602
97616
97630
97644
97658
97672
97686
97700
97714
97728
97742
97756
97770
97784
97798
97812
97826
97840
97854
97868
97882
97896
97910
97924
97938
97952
97966
97980
97994
98008
98022
98036
98050
98064
98078
98092
98106
98120
98134
98148
98162
98176
98190
98204
98218
98232
98246
98260
98274
98288
98302
98316
98330
98344
98358
98372
98386
98400
98414
98428
98442
98456
98470
98484
98498
98512
98526
98540
98554
98568
98582
98596
98610
98624
98638
98652
98666
98680
98694
98708
98722
98736
98750
98764
98778
98792
98806
98820
98834
98848
98862
98876
98890
98904
98918
98932
98946
98960
98974
98988
99002
99016
99030
99044
99058
99072
99086
99100
99114
99128
99142
99156
99170
99184
99198
99212
99226
99240
99254
99268
99282
99296
99310
99324
99338
99352
99366
99380
99394
99408
99422
99436
99450
99464
99478
99492
99506
99520
99534
99548
99562
99576
99590
99604
99618
99632
99646
99660
99674
99688
99702
99716
99730
99744
99758
99772
99786
99800
99814
99828
99842
99856
99870
99884
99898
99912
99926
99940
99954
99968
99982
99996
100010
100024
100038
100052
100066
100080
100094
100108
100122
100136
100150
100164
100178
100192
100206
100220
100234
100248
100262
100276
100290
100304
100318
100332
100346
100360
100374
100388
100402
100416
100430
100444
100458
100472
100486
100500
100514
100528
100542
100556
100570
100584
100598
100612
100626
100640
100654
100668
100682
100696
100710
100724
100738
100752
100766
100780
100794
100808
100822
100836
100850
100864
100878
100892
100906
100920
100934
100948
100962
100976
100990
101004
101018
101032
101046
101060
101074
101088
101102
101116
101130
101144
101158
101172
101186
101200
101214
101228
101242
101256
101270
101284
101298
101312
101326
101340
101354
101368
101382
101396
101410
101424
101438
101452
101466
101480
101494
101508
101522
101536
101550
101564
101578
101592
101606
101620
101634
101648
101662
101676
101690
101704
101718
101732
101746
101760
101774
101788
101802
101816
101830
101844
101858
101872
101886
101900
101914
101928
101942
101956
101970
101984
101998
102012
102026
102040
102054
102068
102082
102096
102110
102124
102138
102152
102166
102180
102194
102208
102222
102236
102250
102264
102278
102292
102306
102320
102334
102348
102362
102376
102390
102404
102418
102432
102446
102460
102474
102488
102502
102516
102530
102544
102558
102572
102586
102600
102614
102628
102642
102656
102670
102684
102698
102712
102726
102740
102754
102768
102782
102796
102810
102824
102838
102852
102866
102880
102894
102908
102922
102936
102950
102964
102978
102992
103006
103020
103034
103048
103062
103076
103090
103104
103118
103132
103146
103160
103174
103188
103202
103216
103230
103244
103258
103272
103286
103300
103314
103328
103342
103356
103370
103384
103398
103412
103426
103440
103454
103468
103482
103496
103510
103524
103538
103552
103566
103580
103594
103608
103622
103636
103650
103664
103678
103692
103706
103720
103734
103748
103762
103776
103790
103804
103818
103832
103846
103860
103874
103888
103902
103916
103930
103944
103958
103972
103986
104000
104014
104028
104042
104056
104070
104084
104098
104112
104126
104140
104154
104168
104182
104196
104210
104224
104238
104252
104266
104280
104294
104308
104322
104336
104350
104364
104378
104392
104406
104420
104434
104448
104462
104476
104490
104504
104518
104532
104546
104560
104574
104588
104602
104616
104630
104644
104658
104672
104686
104700
104714
104728
104742
104756
104770
104784
104798
104812
104826
104840
104854
104868
104882
104896
104910
104924
104938
104952
104966
104980
104994
105008
105022
105036
105050
105064
105078
105092
105106
105120
105134
105148
105162
105176
105190
105204
105218
105232
105246
105260
105274
105288
105302
105316
105330
105344
105358
105372
105386
105400
105414
105428
105442
105456
105470
105484
105498
105512
105526
105540
105554
105568
105582
105596
105610
105624
105638
105652
105666
105680
105694
105708
105722
105736
105750
105764
105778
105792
105806
105820
105834
105848
105862
105876
105890
105904
105918
105932
105946
105960
105974
105988
106002
106016
106030
106044
106058
106072
106086
106100
106114
106128
106142
106156
106170
106184
106198
106212
106226
106240
106254
106268
106282
106296
106310
106324
106338
106352
106366
106380
106394
106408
106422
106436
106450
106464
106478
106492
106506
106520
106534
106548
106562
106576
106590
106604
106618
106632
106646
106660
106674
106688
106702
106716
106730
106744
106758
106772
106786
106800
106814
106828
106842
106856
106870
106884
106898
106912
106926
106940
106954
106968
106982
106996
107010
107024
107038
107052
107066
107080
107094
107108
107122
107136
107150
107164
107178
107192
107206
107220
107234
107248
107262
107276
107290
107304
107318
107332
107346
107360
107374
107388
107402
107416
107430
107444
107458
107472
107486
107500
107514
107528
107542
107556
107570
107584
107598
107612
107626
107640
107654
107668
107682
107696
107710
107724
107738
107752
107766
107780
107794
107808
107822
107836
107850
107864
107878
107892
107906
107920
107934
107948
107962
107976
107990
108004
108018
108032
108046
108060
108074
108088
108102
108116
108130
108144
108158
108172
108186
108200
108214
108228
108242
108256
108270
108284
108298
108312
108326
108340
108354
108368
108382
108396
108410
108424
108438
108452
108466
108480
108494
108508
108522
108536
108550
108564
108578
108592
108606
108620
108634
108648
108662
108676
108690
108704
108718
108732
108746
108760
108774
108788
108802
108816
108830
108844
108858
108872
108886
108900
108914
108928
108942
108956
108970
108984
108998
109012
109026
109040
109054
109068
109082
109096
109110
109124
109138
109152
109166
109180
109194
109208
109222
109236
109250
109264
109278
109292
109306
109320
109334
109348
109362
109376
109390
109404
109418
109432
109446
109460
109474
109488
109502
109516
109530
109544
109558
109572
109586
109600
109614
109628
109642
109656
109670
109684
109698
109713
109727
109741
109755
109769
109783
109797
109811
109825
109839
109853
109867
109881
109895
109909
109923
109937
109951
109965
109979
109993
110007
110021
110035
110049
110063
110077
110091
110105
110119
110133
110147
110161
110175
110189
110203
110217
110231
110245
110259
110273
110287
110301
110315
110329
110343
110357
110371
110385
110399
110413
110427
110441
110455
110469
110483
110497
110511
110525
110539
110553
110567
110581
110595
110609
110623
110637
110651
110665
110679
110693
110707
110721
110735
110749
110763
110777
110791
110805
110819
110833
110847
110861
110875
110889
110903
110917
110931
110945
110959
110973
110987
111001
111015
111029
111043
111057
111071
111085
111099
111113
111127
111141
111155
111169
111183
111197
111211
111225
111239
111253
111267
111281
111295
111309
111323
111337
111351
111365
111379
111393
111407
111421
111435
111449
111463
111477
111491
111505
111519
111533
111547
111561
111575
111589
111603
111617
111631
111645
111659
111673
111687
111701
111715
111729
111743
111757
111771
111785
111799
111813
111827
111841
111855
111869
111883
111897
111911
111925
111939
111953
111967
111981
111995
112009
112023
112037
112051
112065
112079
112093
112107
112121
112135
112149
112163
112177
112191
112205
112219
112233
112247
112261
112275
112289
112303
112317
112331
112345
112359
112373
112387
112401
112415
112429
112443
112457
112471
112485
112499
112513
112527
112541
112555
112569
112583
112597
112611
112625
112639
112653
112667
112681
112695
112709
112723
112737
112751
112765
112779
112793
112807
112821
112835
112849
112863
112877
112891
112905
112919
112933
112947
112961
112975
112989
113003
113017
113031
113045
113059
113073
113087
113101
113115
113129
113143
113157
113171
113185
113199
113213
113227
113241
113255
113269
113283
113297
113311
113325
113339
113353
113367
113381
113395
113409
113423
113437
113451
113465
113479
113493
113507
113521
113535
113549
113563
113577
113591
113605
113619
113633
113647
113661
113675
113689
113703
113717
113731
113745
113759
113773
113787
113801
113815
113829
113843
113857
113871
113885
113899
113913
113927
113941
113955
113969
113983
113997
114011
114025
114039
114053
114067
114081
114095
114109
114123
114137
114151
114165
114179
114193
114207
114221
114235
114249
114263
114277
114291
114305
114319
114333
114347
114361
114375
114389
114403
114417
114431
114445
114459
114473
114487
114501
114515
114529
114543
114557
114571
114585
114599
114613
114627
114641
114655
114669
114683
114697
114711
114725
114739
114753
114767
114781
114795
114809
114823
114837
114851
114865
114879
114893
114907
114921
114935
114949
114963
114977
114991
115005
115019
115033
115047
115061
115075
115089
115103
115117
115131
115145
115159
115173
115187
115201
115215
115229
115243
115257
115271
115285
115299
115313
115327
115341
115355
115369
115383
115397
115411
115425
115439
115453
115467
115481
115495
115509
115523
115537
115551
115565
115579
115593
115607
115621
115635
115649
115663
115677
115691
115705
115719
115733
115747
115761
115775
115789
115803
115817
115831
115845
115859
115873
115887
115901
115915
115929
115943
115957
115971
115985
115999
116013
116027
116041
116055
116069
116083
116097
116111
116125
116139
116153
116167
116181
116195
116209
116223
116237
116251
116265
116279
116293
116307
116321
116335
116349
116363
116377
116391
116405
116419
116433
116447
116461
116475
116489
116503
116517
116531
116545
116559
116573
116587
116601
116615
116629
116643
116657
116671
116685
116699
116713
116727
116741
116755
116769
116783
116797
116811
116825
116839
116853
116867
116881
116895
116909
116923
116937
116951
116965
116979
116993
117007
117021
117035
117049
117063
117077
117091
117105
117119
117133
117147
117161
117175
117189
117203
117217
117231
117245
117259
117273
117287
117301
117315
117329
117343
117357
117371
117385
117399
117413
117427
117441
117455
117469
117483
117497
117511
117525
117539
117553
117567
117581
117595
117609
117623
117637
117651
117665
117679
117693
117707
117721
117735
117749
117763
117777
117791
117805
117819
117833
117847
117861
117875
117889
117903
117917
117931
117945
117959
117973
117987
118001
118015
118029
118043
118057
118071
118085
118099
118113
118127
118141
118155
118169
118183
118197
118211
118225
118239
118253
118267
118281
118295
118309
118323
118337
118351
118365
118379
118393
118407
118421
118435
118449
118463
118477
118491
118505
118519
118533
118547
118561
118575
118589
118603
118617
118631
118645
118659
118673
118687
118701
118715
118729
118743
118757
118771
118785
118799
118813
118827
118841
118855
118869
118883
118897
118911
118925
118939
118953
118967
118981
118995
119009
119023
119037
119051
119065
119079
119093
119107
119121
119135
119149
119163
119177
119191
119205
119219
119233
119247
119261
119275
119289
119303
119317
119331
119345
119359
119373
119387
119401
119415
119429
119443
119457
119471
119485
119499
119513
119527
119541
119555
119569
119583
119597
119611
119625
119639
119653
119667
119681
119695
119709
119723
119737
119751
119765
119779
119793
119807
119821
119835
119849
119863
119877
119891
119905
119919
119933
119947
119961
119975
119989
120003
120017
120031
120045
120059
120073
120087
120101
120115
120129
120143
120157
120171
120185
120199
120213
120227
120241
120255
120269
120283
120297
120311
120325
120339
120353
120367
120381
120395
120409
120423
120437
120451
120465
120479
120493
120507
120521
120535
120549
120563
120577
120591
120605
120619
120633
120647
120661
120675
120689
120703
120717
120731
120745
120759
120773
120787
120801
120815
120829
120843
120857
120871
120885
120899
120913
120927
120941
120955
120969
120983
120997
121011
121025
121039
121053
121067
121081
121095
121109
121123
121137
121151
121165
121179
121193
121207
121221
121235
121249
121263
121277
121291
121305
121319
121333
121347
121361
121375
121389
121403
121417
121431
121445
121459
121473
121487
121501
121515
121529
121543
121557
121571
121585
121599
121613
121627
121641
121655
121669
121683
121697
121711
121725
121739
121753
121767
121781
121795
121809
121823
121837
121851
121865
121879
121893
121907
121921
121935
121949
121963
121977
121991
122005
122019
122033
122047
122061
122075
122089
122103
122117
122131
122145
122159
122173
122187
122201
122215
122229
122243
122257
122271
122285
122299
122313
122327
122341
122355
122369
122383
122397
122411
122425
122439
122453
122467
122481
122495
122509
122523
122537
122551
122565
122579
122593
122607
122621
122635
122649
122663
122677
122691
122705
122719
122733
122747
122761
122775
122789
122803
122817
122831
122845
122859
122873
122887
122901
122915
122929
122943
122957
122971
122985
122999
123013
123027
123041
123055
123069
123083
123097
123111
123125
123139
123153
123167
123181
123195
123209
123223
123237
123251
123265
123279
123293
123307
123321
123335
123349
123363
123377
123391
123405
123419
123433
123447
123461
123475
123489
123503
123517
123531
123545
123559
123573
123587
123601
123615
123629
123643
123657
123671
123685
123699
123713
123727
123741
123755
123769
123783
123797
123811
123825
123839
123853
123867
123881
123895
123909
123923
123937
123951
123965
123979
123993
124007
124021
124035
124049
124063
124077
124091
124105
124119
124133
124147
124161
124175
124189
124203
124217
124231
124245
124259
124273
124287
124301
124315
124329
124343
124357
124371
124385
124399
124413
124427
124441
124455
124469
124483
124497
124511
124525
124539
124553
124567
124581
124595
124609
124623
124637
124651
124665
124679
124693
124707
124721
124735
124749
124763
124777
124791
124805
124819
124833
124847
124861
124875
124889
124903
124917
124931
124945
124959
124973
124987
125001
125015
125029
125043
125057
125071
125085
125099
125113
125127
125141
125155
125169
125183
125197
125211
125225
125239
125253
125267
125281
125295
125309
125323
125337
125351
125365
125379
125393
125407
125421
125435
125449
125463
125477
125491
125505
125519
125533
125547
125561
125575
125589
125603
125617
125631
125645
125659
125673
125687
125701
125715
125729
125743
125757
125771
125785
125799
125813
125827
125841
125855
125869
125883
125897
125911
125925
125939
125953
125967
125981
125995
126009
126023
126037
126051
126065
126079
126093
126107
126121
126135
126149
126163
126177
126191
126205
126219
126233
126247
126261
126275
126289
126303
126317
126331
126345
126359
126373
126387
126401
126415
126429
126443
126457
126471
126485
126499
126513
126527
126541
126555
126569
126583
126597
126611
126625
126639
126653
126667
126681
126695
126709
126723
126737
126751
126765
126779
126793
126807
126821
126835
126849
126863
126877
126891
126905
126919
126933
126947
126961
126975
126989
127003
127017
127031
127045
127059
127073
127087
127101
127115
127129
127143
127157
127171
127185
127199
127213
127227
127241
127255
127269
127283
127297
127311
127325
127339
127353
127367
127381
127395
127409
127423
127437
127451
127465
127479
127493
127507
127521
127535
127549
127563
127577
127591
127605
127619
127633
127647
127661
127675
127689
127703
127717
127731
127745
127759
127773
127787
127801
127815
127829
127843
127857
127871
127885
127899
127913
127927
127941
127955
127969
127983
127997
128011
128025
128039
128053
128067
128081
128095
128109
128123
128137
128151
128165
128179
128193
128207
128221
128235
128249
128263
128277
128291
128305
128319
128333
128347
128361
128375
128389
128403
128417
128431
128445
128459
128473
128487
128501
128515
128529
128543
128557
128571
128585
128599
128613
128627
128641
128655
128669
128683
128697
128711
128725
128739
128753
128767
128781
128795
128809
128823
128837
128851
128865
128879
128893
128907
128921
128935
128949
128963
128977
128991
129005
129019
129033
129047
129061
129075
129089
129103
129117
129131
129145
129159
129173
129187
129201
129215
129229
129243
129257
129271
129285
129299
129313
129327
129341
129355
129369
129383
129397
129411
129425
129439
129453
129467
129481
129495
129509
129523
129537
129551
129565
129579
129593
129607
129621
129635
129649
129663
129677
129691
129705
129720
129734
129748
129762
129776
129790
129804
129818
129832
129846
129860
129874
129888
129902
129916
129930
129944
129958
129972
129986
130000
130014
130028
130042
130056
130070
130084
130098
130112
130126
130140
130154
130168
130182
130196
130210
130224
130238
130252
130266
130280
130294
130308
130322
130336
130350
130364
130378
130392
130406
130420
130434
130448
130462
130476
130490
130504
130518
130532
130546
130560
130574
130588
130602
130616
130630
130644
130658
130672
130686
130700
130714
130728
130742
130756
130770
130784
130798
130812
130826
130840
130854
130868
130882
130896
130910
130924
130938
130952
130966
130980
130994
131008
131022
131036
131050
131064
131078
131092
131106
131120
131134
131148
131162
131176
131190
131204
131218
131232
131246
131260
131274
131288
131302
131316
131330
131344
131358
131372
131386
131400
131414
131428
131442
131456
131470
131484
131498
131512
131526
131540
131554
131568
131582
131596
131610
131624
131638
131652
131666
131680
131694
131708
131722
131736
131750
131764
131778
131792
131806
131820
131834
131848
131862
131876
131890
131904
131918
131932
131946
131960
131974
131988
132002
132016
132030
132044
132058
132072
132086
132100
132114
132128
132142
132156
132170
132184
132198
132212
132226
132240
132254
132268
132282
132296
132310
132324
132338
132352
132366
132380
132394
132408
132422
132436
132450
132464
132478
132492
132506
132520
132534
132548
132562
132576
132590
132604
132618
132632
132646
132660
132674
132688
132702
132716
132730
132744
132758
132772
132786
132800
132814
132828
132842
132856
132870
132884
132898
132912
132926
132940
132954
132968
132982
132996
133010
133024
133038
133052
133066
133080
133094
133108
133122
133136
133150
133164
133178
133192
133206
133220
133234
133248
133262
133276
133290
133304
133318
133332
133346
133360
133374
133388
133402
133416
133430
133444
133458
133472
133486
133500
133514
133528
133542
133556
133570
133584
133598
133612
133626
133640
133654
133668
133682
133696
133710
133724
133738
133752
133766
133780
133794
133808
133822
133836
133850
133864
133878
133892
133906
133920
133934
133948
133962
133976
133990
134004
134018
134032
134046
134060
134074
134088
134102
134116
134130
134144
134158
134172
134186
134200
134214
134228
134242
134256
134270
134284
134298
134312
134326
134340
134354
134368
134382
134396
134410
134424
134438
134452
134466
134480
134494
134508
134522
134536
134550
134564
134578
134592
134606
134620
134634
134648
134662
134676
134690
134704
134718
134732
134746
134760
134774
134788
134802
134816
134830
134844
134858
134872
134886
134900
134914
134928
134942
134956
134970
134984
134998
135012
135026
135040
135054
135068
135082
135096
135110
135124
135138
135152
135166
135180
135194
135208
135222
135236
135250
135264
135278
135292
135306
135320
135334
135348
135362
135376
135390
135404
135418
135432
135446
135460
135474
135488
135502
135516
135530
135544
135558
135572
135586
135600
135614
135628
135642
135656
135670
135684
135698
135712
135726
135740
135754
135768
135782
135796
135810
135824
135838
135852
135866
135880
135894
135908
135922
135936
135950
135964
135978
135992
136006
136020
136034
136048
136062
136076
136090
136104
136118
136132
136146
136160
136174
136188
136202
136216
136230
136244
136258
136272
136286
136300
136314
136328
136342
136356
136370
136384
136398
136412
136426
136440
136454
136468
136482
136496
136510
136524
136538
136552
136566
136580
136594
136608
136622
136636
136650
136664
136678
136692
136706
136720
136734
136748
136762
136776
136790
136804
136818
136832
136846
136860
136874
136888
136902
136916
136930
136944
136958
136972
136986
137000
137014
137028
137042
137056
137070
137084
137098
137112
137126
137140
137154
137168
137182
137196
137210
137224
137238
137252
137266
137280
137294
137308
137322
137336
137350
137364
137378
137392
137406
137420
137434
137448
137462
137476
137490
137504
137518
137532
137546
137560
137574
137588
137602
137616
137630
137644
137658
137672
137686
137700
137714
137728
137742
137756
137770
137784
137798
137812
137826
137840
137854
137868
137882
137896
137910
137924
137938
137952
137966
137980
137994
138008
138022
138036
138050
138064
138078
138092
138106
138120
138134
138148
138162
138176
138190
138204
138218
138232
138246
138260
138274
138288
138302
138316
138330
138344
138358
138372
138386
138400
138414
138428
138442
138456
138470
138484
138498
138512
138526
138540
138554
138568
138582
138596
138610
138624
138638
138652
138666
138680
138694
138708
138722
138736
138750
138764
138778
138792
138806
138820
138834
138848
138862
138876
138890
138904
138918
138932
138946
138960
138974
138988
139002
139016
139030
139044
139058
139072
139086
139100
139114
139128
139142
139156
139170
139184
139198
139212
139226
139240
139254
139268
139282
139296
139310
139324
139338
139352
139366
139380
139394
139408
139422
139436
139450
139464
139478
139492
139506
139520
139534
139548
139562
139576
139590
139604
139618
139632
139646
139660
139674
139688
139702
139716
139730
139744
139758
139772
139786
139800
139814
139828
139842
139856
139870
139884
139898
139912
139926
139940
139954
139968
139982
139996
140010
140024
140038
140052
140066
140080
140094
140108
140122
140136
140150
140164
140178
140192
140206
140220
140234
140248
140262
140276
140290
140304
140318
140332
140346
140360
140374
140388
140402
140416
140430
140444
140458
140472
140486
140500
140514
140528
140542
140556
140570
140584
140598
140612
140626
140640
140654
140668
140682
140696
140710
140724
140738
140752
140766
140780
140794
140808
140822
140836
140850
140864
140878
140892
140906
140920
140934
140948
140962
140976
140990
141004
141018
141032
141046
141060
141074
141088
141102
141116
141130
141144
141158
141172
141186
141200
141214
141228
141242
141256
141270
141284
141298
141312
141326
141340
141354
141368
141382
141396
141410
141424
141438
141452
141466
141480
141494
141508
141522
141536
141550
141564
141578
141592
141606
141620
141634
141648
141662
141676
141690
141704
141718
141732
141746
141760
141774
141788
141802
141816
141830
141844
141858
141872
141886
141900
141914
141928
141942
141956
141970
141984
141998
142012
142026
142040
142054
142068
142082
142096
142110
142124
142138
142152
142166
142180
142194
142208
142222
142236
142250
142264
142278
142292
142306
142320
142334
142348
142362
142376
142390
142404
142418
142432
142446
142460
142474
142488
142502
142516
142530
142544
142558
142572
142586
142600
142614
142628
142642
142656
142670
142684
142698
142712
142726
142740
142754
142768
142782
142796
142810
142824
142838
142852
142866
142880
142894
142908
142922
142936
142950
142964
142978
142992
143006
143020
143034
143048
143062
143076
143090
143104
143118
143132
143146
143160
143174
143188
143202
143216
143230
143244
143258
143272
143286
143300
143314
143328
143342
143356
143370
143384
143398
143412
143426
143440
143454
143468
143482
143496
143510
143524
143538
143552
143566
143580
143594
143608
143622
143636
143650
143664
143678
143692
143706
143720
143734
143748
143762
143776
143790
143804
143818
143832
143846
143860
143874
143888
143902
143916
143930
143944
143958
143972
143986
144000
144014
144028
144042
144056
144070
144084
144098
144112
144126
144140
144154
144168
144182
144196
144210
144224
144238
144252
144266
144280
144294
144308
144322
144336
144350
144364
144378
144392
144406
144420
144434
144448
144462
144476
144490
144504
144518
144532
144546
144560
144574
144588
144602
144616
144630
144644
144658
144672
144686
144700
144714
144728
144742
144756
144770
144784
144798
144812
144826
144840
144854
144868
144882
144896
144910
144924
144938
144952
144966
144980
144994
145008
145022
145036
145050
145064
145078
145092
145106
145120
145134
145148
145162
145176
145190
145204
145218
145232
145246
145260
145274
145288
145302
145316
145330
145344
145358
145372
145386
145400
145414
145428
145442
145456
145470
145484
145498
145512
145526
145540
145554
145568
145582
145596
145610
145624
145638
145652
145666
145680
145694
145708
145722
145736
145750
145764
145778
145792
145806
145820
145834
145848
145862
145876
145890
145904
145918
145932
145946
145960
145974
145988
146002
146016
146030
146044
146058
146072
146086
146100
146114
146128
146142
146156
146170
146184
146198
146212
146226
146240
146254
146268
146282
146296
146310
146324
146338
146352
146366
146380
146394
146408
146422
146436
146450
146464
146478
146492
146506
146520
146534
146548
146562
146576
146590
146604
146618
146632
146646
146660
146674
146688
146702
146716
146730
146744
146758
146772
146786
146800
146814
146828
146842
146856
146870
146884
146898
146912
146926
146940
146954
146968
146982
146996
147010
147024
147038
147052
147066
147080
147094
147108
147122
147136
147150
147164
147178
147192
147206
147220
147234
147248
147262
147276
147290
147304
147318
147332
147346
147360
147374
147388
147402
147416
147430
147444
147458
147472
147486
147500
147514
147528
147542
147556
147570
147584
147598
147612
147626
147640
147654
147668
147682
147696
147710
147724
147738
147752
147766
147780
147794
147808
147822
147836
147850
147864
147878
147892
147906
147920
147934
147948
147962
147976
147990
148004
148018
148032
148046
148060
148074
148088
148102
148116
148130
148144
148158
148172
148186
148200
148214
148228
148242
148256
148270
148284
148298
148312
148326
148340
148354
148368
148382
148396
148410
148424
148438
148452
148466
148480
148494
148508
148522
148536
148550
148564
148578
148592
148606
148620
148634
148648
148662
148676
148690
148704
148718
148732
148746
148760
148774
148788
148802
148816
148830
148844
148858
148872
148886
148900
148914
148928
148942
148956
148970
148984
148998
149012
149026
149040
149054
149068
149082
149096
149110
149124
149138
149152
149166
149180
149194
149208
149222
149236
149250
149264
149278
149292
149306
149320
149334
149348
149362
149376
149390
149404
149418
149432
149446
149460
149474
149488
149502
149516
149530
149544
149558
149572
149586
149600
149614
149628
149642
149656
149670
149684
149698
149713
